do run
loading script "felix_analysis400_120.py"
loading script "felix_pump_ms.py"
loading script "felix_diode.py"
loading script "felix_pump_extraction_line.py"
testing...
no interpolation path defined
executed snippet estimated_duration=559.2304, duration=0.000276803970337
script duration name:analysis400_120 seconds:559.0
loading script "felix_analysis400_120.py"
loading script "felix_pump_ms.py"
loading script "felix_diode.py"
loading script "felix_pump_extraction_line.py"
testing...
no interpolation path defined
executed snippet estimated_duration=0, duration=3.00407409668e-05
loading script "felix_analysis400_120.py"
loading script "felix_pump_ms.py"
loading script "felix_diode.py"
loading script "felix_pump_extraction_line.py"
testing...
no interpolation path defined
calculate duration
testing...
no interpolation path defined
executed snippet estimated_duration=0, duration=9.58442687988e-05
calculate duration
testing...
no interpolation path defined
executed snippet estimated_duration=0, duration=3.2901763916e-05
calculate duration
testing...
no interpolation path defined
executed snippet estimated_duration=42.0, duration=0.00016713142395
executed snippet estimated_duration=42.0, duration=0.00470304489136
script duration name:diode seconds:42.0
loading script "felix_analysis400_120.py"
loading script "felix_pump_ms.py"
loading script "felix_diode.py"
loading script "felix_pump_extraction_line.py"
testing...
no interpolation path defined
calculate duration
testing...
no interpolation path defined
executed snippet estimated_duration=4.0, duration=0.000210046768188
executed snippet estimated_duration=4.0, duration=0.00146889686584
Script duration 601.0
Run total estimated duration= 602.000
run duration: 0:10:02
doing event level: 2
14:52:23 -- Setting default integration. t=1.048576
setting integration time = 1.048576
SetIntegrationTime 1.048576 ===>> OK
----------------- start -----------------
**************** Experiment Type: Ar/Ar, Ar/Ar
create new session 4748043952
close session 4748043952
$$$$$ Clearing conditionals
adding conditionals 
Add queue conditionals
add default conditionals
adding default conditionals from /Users/obama/PychronDev/setupfiles/spectrometer/default_conditionals.yaml
Start automated run bu-FD-F-660
loading script "felix_analysis400_120.py"
loading script "felix_pump_ms.py"
loading script "felix_diode.py"
loading script "felix_pump_extraction_line.py"
%%%%%%%%%%%%%%%%%% setting automated run bu-FD-F-660
No value "sensitivity_multiplier" in metadata
$$$$$$$$$$$$$$$ auto_save_detector_ic=False
============================= Pre Extraction Check =============================
loading queue conditionals pre_run_terminations
loading system conditionals pre_run_terminations
loading conditionals from /Users/obama/PychronDev/setupfiles/spectrometer/default_conditionals.yaml
14:52:23 -- ******* Pre Extraction Check *******
Get a measurement from the spectrometer
Pre Extraction Termination data. keys=L2(CDD),H2,H1,AX,L1,L2, signals=0.00208,0.07291,0.06960,-0.26739,-0.14405,-0.06549
14:52:23 -- testing system defined conditionals
Checking default pre extraction terminations n=2
testing L2_CDD_
evaluate ot="L2(CDD).inactive" t="L2_CDD_", ctx="{'L2_CDD_': False}"
GetDeflection L2 (CDD) ===>> 0
testing L2_CDD_==3250
evaluate ot="L2(CDD).deflection==3250" t="L2_CDD_==3250", ctx="{'L2_CDD_': 0.0}"
14:52:23 -- ******* Pre Extraction Check Passed *******
=================================================================================
14:52:23 -- stopping status monitor
stop 4712846256
Status monitor stopped
Status monitor finished
14:52:27 -- starting status monitor
start 4712846256
StatusMonitor period=3. Frequencies(state=1, checksum=3, lock=5, owner=5)
start extraction
do extraction
Analysis started at 14:52:32.217834
Extraction Started felix_diode.py
14:52:32 -- ******* Extraction Started felix_diode.py *******
state changed from not run to extraction
DO EXTRACTION <pychron.extraction_line.pyscript_runner.RemotePyScriptRunner object at 0x11c9b78f0>
testing...
no interpolation path defined
calculate duration
testing...
no interpolation path defined
executed snippet estimated_duration=0, duration=0.000130891799927
calculate duration
testing...
no interpolation path defined
executed snippet estimated_duration=0, duration=2.78949737549e-05
calculate duration
testing...
no interpolation path defined
executed snippet estimated_duration=42.0, duration=0.000154972076416
executed snippet estimated_duration=242.0, duration=0.0055079460144
Felix unknown laser analysis
set_motor ('beam', '') {}
setting motor "beam" to 
doing GOSUB
testing...
no interpolation path defined
executed snippet estimated_duration=0, duration=0.000121831893921
Prepare for Diode Analysis
close () {'description': 'Felix Inlet'}
close name=--- desc=Felix Inlet
checking ownership. requestor=129.138.12.137
check software interlocks H
interlocks []
actuate state mode=None-script, software_lock=False
doing actuation None-script close_channel False
Close H ===>> OK
GetIndicatorState H ===>> False
change switch state (True, True)
update switch state H False args=() kw={} ncanvase=5
14:52:32 -- CLOSE  VALVE-H (Felix Inlet)
-------------------------- close None (Felix Inlet) result=[(True, True)]
action=close, ok=True, locked=[False]
open () {'description': 'Felix Ion Pump'}
open name=--- desc=Felix Ion Pump
checking ownership. requestor=129.138.12.137
check software interlocks V
interlocks []
actuate state mode=None-script, software_lock=False
doing actuation None-script open_channel False
Open V ===>> OK
GetIndicatorState V ===>> OK
change switch state (True, True)
update switch state V True args=() kw={} ncanvase=5
14:52:32 -- OPEN   VALVE-V (Felix Ion Pump)
-------------------------- open None (Felix Ion Pump) result=[(True, True)]
action=open, ok=True, locked=[False]
close () {'description': 'Bone to Minibone'}
close name=--- desc=Bone to Minibone
checking ownership. requestor=129.138.12.137
check software interlocks E
interlocks []
actuate state mode=None-script, software_lock=False
doing actuation None-script close_channel True
Close E ===>> OK
GetIndicatorState E ===>> False
change switch state (True, True)
update switch state E False args=() kw={} ncanvase=5
14:52:33 -- CLOSE  VALVE-E (Bone to Minibone)
-------------------------- close None (Bone to Minibone) result=[(True, True)]
action=close, ok=True, locked=[False]
open () {'description': 'Bone to Getter GP-50'}
open name=--- desc=Bone to Getter GP-50
checking ownership. requestor=129.138.12.137
check software interlocks N
interlocks []
actuate state mode=None-script, software_lock=False
doing actuation None-script open_channel False
Open N ===>> OK
GetIndicatorState N ===>> OK
change switch state (True, True)
update switch state N True args=() kw={} ncanvase=5
14:52:33 -- OPEN   VALVE-N (Bone to Getter GP-50)
-------------------------- open None (Bone to Getter GP-50) result=[(True, True)]
action=open, ok=True, locked=[False]
close () {'description': 'Bone to CO2 Laser'}
close name=--- desc=Bone to CO2 Laser
checking ownership. requestor=129.138.12.137
check software interlocks D
interlocks []
actuate state mode=None-script, software_lock=False
doing actuation None-script close_channel True
Close D ===>> OK
GetIndicatorState D ===>> False
change switch state (True, True)
update switch state D False args=() kw={} ncanvase=5
14:52:34 -- CLOSE  VALVE-D (Bone to CO2 Laser)
-------------------------- close None (Bone to CO2 Laser) result=[(True, True)]
action=close, ok=True, locked=[False]
open () {'description': 'Bone to Diode Laser'}
open name=--- desc=Bone to Diode Laser
checking ownership. requestor=129.138.12.137
check software interlocks B
interlocks []
actuate state mode=None-script, software_lock=False
doing actuation None-script open_channel False
Open B ===>> OK
GetIndicatorState B ===>> OK
change switch state (True, True)
update switch state B True args=() kw={} ncanvase=5
14:52:34 -- OPEN   VALVE-B (Bone to Diode Laser)
-------------------------- open None (Bone to Diode Laser) result=[(True, True)]
action=open, ok=True, locked=[False]
executed snippet estimated_duration=0, duration=2.88912916183
PrepareForDiodeAnalysis.py completed successfully
gosub finished
doing GOSUB
testing...
no interpolation path defined
executed snippet estimated_duration=0, duration=4.31537628174e-05
Isolate coldfinger
close () {'name': 'B', 'description': 'Bone to Diode Laser'}
close name=B desc=Bone to Diode Laser
checking ownership. requestor=129.138.12.137
check software interlocks B
interlocks []
actuate state mode=None-script, software_lock=False
doing actuation None-script close_channel True
Close B ===>> OK
set states for children of B. state=False
handle state [('B', False)]
update switch state B False args=() kw={'refresh': False} ncanvase=5
GetIndicatorState B ===>> False
change switch state (True, True)
update switch state B False args=() kw={} ncanvase=5
refresh_canvas_needed fired
14:52:35 -- CLOSE  VALVE-B (Bone to Diode Laser)
-------------------------- close B (Bone to Diode Laser) result=[(True, True)]
action=close, ok=True, locked=[False]
executed snippet estimated_duration=0, duration=0.504522800446
IsolateDiodeColdfinger.py completed successfully
gosub finished
open () {'description': 'Bone to Turbo'}
open name=--- desc=Bone to Turbo
checking ownership. requestor=129.138.12.137
check software interlocks C
interlocks []
actuate state mode=None-script, software_lock=False
doing actuation None-script open_channel False
Open C ===>> OK
GetIndicatorState C ===>> OK
change switch state (True, True)
update switch state C True args=() kw={} ncanvase=5
14:52:35 -- OPEN   VALVE-C (Bone to Turbo)
-------------------------- open None (Bone to Turbo) result=[(True, True)]
action=open, ok=True, locked=[False]
Blank Analyis. No laser heating
sleep (40.0,) {}
SLEEP 40.0
block started
WaitControl setup for 40.0  
Join finished
block finished. duration 40.1418480873
doing GOSUB
testing...
no interpolation path defined
executed snippet estimated_duration=42.0, duration=0.000168800354004
Equilibrate then isolate coldfinger
close () {'name': 'C', 'description': 'Bone to Turbo'}
close name=C desc=Bone to Turbo
checking ownership. requestor=129.138.12.137
check software interlocks C
interlocks []
actuate state mode=None-script, software_lock=False
doing actuation None-script close_channel True
Close C ===>> OK
GetIndicatorState C ===>> False
change switch state (True, True)
update switch state C False args=() kw={} ncanvase=5
14:53:16 -- CLOSE  VALVE-C (Bone to Turbo)
-------------------------- close C (Bone to Turbo) result=[(True, True)]
action=close, ok=True, locked=[False]
sleep (1,) {}
SLEEP 1.0
open () {'name': 'B', 'description': 'Bone to Diode Laser'}
open name=B desc=Bone to Diode Laser
checking ownership. requestor=129.138.12.137
check software interlocks B
interlocks []
actuate state mode=None-script, software_lock=False
doing actuation None-script open_channel True
Open B ===>> OK
GetIndicatorState B ===>> OK
change switch state (True, True)
update switch state B True args=() kw={} ncanvase=5
14:53:17 -- OPEN   VALVE-B (Bone to Diode Laser)
-------------------------- open B (Bone to Diode Laser) result=[(True, True)]
action=open, ok=True, locked=[False]
sleep (20,) {}
SLEEP 20.0
block started
WaitControl setup for 20.0  
Join finished
block finished. duration 20.0885300636
close () {'name': 'B', 'description': 'Bone to Diode Laser'}
close name=B desc=Bone to Diode Laser
checking ownership. requestor=129.138.12.137
check software interlocks B
interlocks []
actuate state mode=None-script, software_lock=False
doing actuation None-script close_channel True
Close B ===>> OK
GetIndicatorState B ===>> False
change switch state (True, True)
update switch state B False args=() kw={} ncanvase=5
14:53:38 -- CLOSE  VALVE-B (Bone to Diode Laser)
-------------------------- close B (Bone to Diode Laser) result=[(True, True)]
action=close, ok=True, locked=[False]
executed snippet estimated_duration=63.0, duration=22.4406251907
EquilibrateThenIsolateDiodeColdfinger.py completed successfully
gosub finished
sleep (60.0,) {}
SLEEP 60.0
block started
WaitControl setup for 60.0  
Join finished
block finished. duration 60.1705989838
executed snippet estimated_duration=342.0, duration=126.632476091
felix_diode.py completed successfully
GetAchievedOutput ===>> No Response
Requested Output= 0.000
Achieved Output=  0.000
GetResponseBlob ===>> j[17][179]N[00][00][00][00][224][163][229]=[00][00][250]D[160]P[07]@[00][00][250]D[02][202][131]@...
GetOutputBlob ===>> j[17][179]N[00][00][00][00][224][163][229]=[169][198][28]B[160]P[07]@[00][00][00][00][02][202][13...
persistence save...
persistence save - db
AutomatedRunPersister post_extraction_save deprecated
persistence save - dvc
no extraction position for 
not connected to db mysql://felixexp@129.138.12.160/labspy
Enviromentals: {'lab_humiditys': [{'device': 'EnvironmentalMonitor',
                    'name': 'Lab Hum.',
                    'pub_date': '2017-08-07T14:54:10',
                    'title': 'iServer Hum.',
                    'value': 40.7}],
 'lab_pneumatics': [{'device': 'AirPressure',
                     'name': 'Pressure',
                     'pub_date': '2017-08-07T14:54:09',
                     'title': None,
                     'value': 107.4},
                    {'device': 'AirPressure2',
                     'name': 'Pressure2',
                     'pub_date': '2017-08-07T14:54:17',
                     'title': None,
                     'value': 109.603}],
 'lab_temperatures': [{'device': 'Coldfinger',
                       'name': 'ColdFinger Temp.',
                       'pub_date': '2017-08-07T14:43:03',
                       'title': None,
                       'value': -193.0},
                      {'device': 'EnvironmentalMonitor',
                       'name': 'Lab Temp.',
                       'pub_date': '2017-08-07T14:42:02',
                       'title': 'iServer Temp.',
                       'value': 76.1},
                      {'device': 'Chiller',
                       'name': 'Coolant Temp.',
                       'pub_date': '2017-08-07T14:54:25',
                       'title': None,
                       'value': 18.0}]}
Extraction Finished
14:54:42 -- ******* Extraction Finished *******
no overlap. not waiting for min ms pumptime
14:54:42 -- Sending spectrometer configuration
======== Sending configuration ========
SetZFocus 1.65 ===>> OK
SetHV 9900.0 ===>> OK
SetZSymmetry 3.35 ===>> OK
SetExtractionLens 63.57 ===>> OK
SetIonRepeller -5.15 ===>> OK
SetElectronEnergy 125.02 ===>> OK
SetYSymmetry 38.07 ===>> OK
send trap current 250.0
GetParameter Trap Current Readback ===>> 248.942501373375
SetParameter Trap Current Set,250.0 ===>> OK
updating mftable name argon
Using mftable located at /Users/obama/PychronDev/setupfiles/spectrometer/mftables/argon.csv
============ MFtable ===========
Isotope  H2     H1     AX     L1     L2     L2(CDD)
Ar40     3.7657 3.8409 3.9190 4.0004 4.1082 4.0938
Ar39     3.6913 3.7657 3.8420 3.9249 4.0276 4.0128
Ar36     3.4649 3.4174 3.6065 3.6823 3.7912 3.7657
================================
get initial guess parabolic
get initial guess parabolic
get initial guess parabolic
get initial guess parabolic
get initial guess parabolic
get initial guess parabolic
======== Configuration Finished ========
GetYSymmetry ===>> 38.07
GetZSymmetry ===>> 3.35
GetParameter Trap Current Readback ===>> 248.159311481414
GetHighVoltage ===>> 9900
start measurement
do measurement
L#=bu-FD-F analysis type=blank_unknown
Measurement Started felix_analysis400_120.py
14:54:42 -- ******* Measurement Started felix_analysis400_120.py *******
state changed from extraction to measurement
setting trap, emission, spec, defl, and gains
GetExtractionLens ===>> 63.57
GetYSymmetry ===>> 38.07
GetZSymmetry ===>> 3.35
GetZFocus ===>> 1.65
GetDeflection H2 (CDD) ===>> 3250
GetDeflection H1 (CDD) ===>> 3250
GetDeflection AX (CDD) ===>> 3250
GetDeflection L1 (CDD) ===>> 3250
GetDeflection L2 (CDD) ===>> 0
GetGain H2 ===>> 0.9809305
GetGain H1 ===>> 0.9706
GetGain AX ===>> 0.96269
GetGain L1 ===>> 0.970094835296087
GetGain L2 ===>> 0.967359864778375
GetGain H2(CDD) ===>> 0
GetGain H1(CDD) ===>> 0
GetGain AX(CDD) ===>> 0
GetGain L1(CDD) ===>> 0
GetGain L2(CDD) ===>> 0
GetParameter Trap Current Readback ===>> 247.711774400293
GetParameter Source Current Readback ===>> 889.021790880791
pre measurement save
New frame /Users/obama/PychronDev/data/isotopes/63/623900-4fc3-4e2a-b074-5bb86f2dd83d.h5
flush and close file /Users/obama/PychronDev/data/isotopes/63/623900-4fc3-4e2a-b074-5bb86f2dd83d.h5
testing...
no interpolation path defined
executed snippet estimated_duration=585.2304, duration=0.000216960906982
unknown measurement script
activate_detectors ('H2', 'H1', 'AX', 'L1', 'L2(CDD)') {}
activate detectors
*************** Set Analysis View Ar/Ar
create graphs
clearing graphs
clear isotope group
setting isotope det=H2, iso=Ar40
setting isotope det=H1, iso=Ar39
setting isotope det=AX, iso=Ar38
setting isotope det=L1, iso=Ar37
setting isotope det=L2(CDD), iso=Ar36
load analysis view
position_magnet ('Ar40',) {'detector': 'H2'}
detector Detector(H2)
POSITION Ar40 H2
setting detector H2 to Ar40 (39.9624)
setting detector H1 to Ar39 (38.8624)
setting detector AX to Ar38 (37.9624)
setting detector L1 to Ar37 (36.9624)
setting detector L2 to Ar36 (35.8624)
setting detector H2(CDD) to Ar40 (39.8624)
setting detector H1(CDD) to Ar39 (38.8624)
setting detector AX(CDD) to Ar38 (37.8624)
setting detector L1(CDD) to Ar37 (36.8624)
setting detector L2(CDD) to Ar36 (35.9624)
Mapping mass to dac mass func: "parabolic"
H2 map mass coeffs = [ -2.56720193e-04   9.47812314e-02   3.87974975e-01]
H2 map mass to dac 39.9624 >> 3.76568
GetHighVoltage ===>> 9900
positioning Ar40 (3.76568) on H2
setting magnet DAC
current  : 3.767680
requested: 3.765680
Delta Dac: 0.002000
Checking detector protection. dv=0.00200
SetMagnetDAC 3.76568 ===>> OK
Magnet settling time: 0.500 0.500
Magnet settling complete
set_dac. change=True
update labels <pychron.experiment.plot_panel.PlotPanel object at 0x1a1612470>
update labels "<pychron.graph.stacked_regression_graph.StackedRegressionGraph object at 0x1265c4110>"
setting label 0 H2 Ar40
setting label 1 H1 Ar39
setting label 2 AX Ar38
equilibrate () {'delay': 3, 'inlet': 'H', 'outlet': 'V', 'eqtime': 25.0}
setting label 3 L1 Ar37
Equilibration Started
setting label 4 L2(CDD) Ar36
14:54:43 -- ******* Equilibration Started *******
update labels "<pychron.graph.stacked_graph.StackedGraph object at 0x1ab39b890>"
setting label 0 H2 Ar40
setting label 1 H1 Ar39
setting label 2 AX Ar38
checking ownership. requestor=129.138.12.137
setting label 3 L1 Ar37
check software interlocks V
setting label 4 L2(CDD) Ar36
interlocks []
actuate state mode=None-script, software_lock=False
doing actuation None-script close_channel True
Close V ===>> OK
GetIndicatorState V ===>> False
change switch state (True, True)
update switch state V False args=() kw={} ncanvase=5
14:54:43 -- CLOSE  VALVE-V (Felix Ion Pump)
waiting 3s before opening inlet value ('H',)
checking ownership. requestor=129.138.12.137
check software interlocks H
interlocks []
actuate state mode=None-script, software_lock=False
doing actuation None-script open_channel True
Open H ===>> OK
GetIndicatorState H ===>> OK
change switch state (True, True)
update switch state H True args=() kw={} ncanvase=5
14:54:47 -- OPEN   VALVE-H (Felix Inlet)
set_time_zero () {}
equilibrating for 25.0sec
sniff (25.0,) {}
py_sniff
build tables- sniff [Detector(H2), Detector(H1), Detector(AX), Detector(L1), Detector(L2(CDD))]
add group /sniff/Ar40 (Group) u'' table H2
add group /sniff/Ar39 (Group) u'' table H1
add group /sniff/Ar38 (Group) u'' table AX
add group /sniff/Ar37 (Group) u'' table L1
add group /sniff/Ar36 (Group) u'' table L2(CDD)
flush and close file /Users/obama/PychronDev/data/isotopes/63/623900-4fc3-4e2a-b074-5bb86f2dd83d.h5
measuring sniff. ncounts=25.0
"sniff" increment series count="1" fit count="0" regressing="False"
starting measurement
Equilibration Finished
14:55:12 -- ******* Equilibration Finished *******
checking ownership. requestor=129.138.12.137
check software interlocks H
interlocks []
actuate state mode=None-script, software_lock=False
doing actuation None-script close_channel True
Close H ===>> OK
GetIndicatorState H ===>> False
change switch state (True, True)
update switch state H False args=() kw={} ncanvase=5
14:55:12 -- CLOSE  VALVE-H (Felix Inlet)
Post Equilibration Started felix_pump_extraction_line.py
14:55:12 -- ******* Post Equilibration Started felix_pump_extraction_line.py *******
testing...
no interpolation path defined
calculate duration
testing...
no interpolation path defined
executed snippet estimated_duration=4.0, duration=0.000510931015015
executed snippet estimated_duration=4.0, duration=0.00230193138123
Pump after analysis
doing GOSUB
testing...
no interpolation path defined
executed snippet estimated_duration=4.0, duration=0.000282049179077
Pump Bone
close () {'description': 'Felix Inlet'}
close name=--- desc=Felix Inlet
checking ownership. requestor=129.138.12.137
check software interlocks H
interlocks []
actuate state mode=None-script, software_lock=False
doing actuation None-script close_channel False
Close H ===>> OK
GetIndicatorState H ===>> False
change switch state (True, True)
update switch state H False args=() kw={} ncanvase=5
14:55:13 -- CLOSE  VALVE-H (Felix Inlet)
-------------------------- close None (Felix Inlet) result=[(True, True)]
action=close, ok=True, locked=[False]
is_closed ('A',) {}
is A () closed?
is closed False
close () {'description': 'CO2 Laser to Bone'}
close name=--- desc=CO2 Laser to Bone
checking ownership. requestor=129.138.12.137
check software interlocks F
interlocks []
actuate state mode=None-script, software_lock=True
VALVE-F(CO2 Laser to Bone) software locked
change switch state (True, False)
-------------------------- close None (CO2 Laser to Bone) result=[(True, False)]
action=close, ok=True, locked=[True]
sleep (1,) {}
SLEEP 1.0
14:55:13 -- collecting point 25
close () {'description': 'CO2 Laser to Roughing'}
close name=--- desc=CO2 Laser to Roughing
checking ownership. requestor=129.138.12.137
check software interlocks G
interlocks []
actuate state mode=None-script, software_lock=True
VALVE-G(CO2 Laser to Roughing) software locked
change switch state (True, False)
-------------------------- close None (CO2 Laser to Roughing) result=[(True, False)]
action=close, ok=True, locked=[True]
open () {'description': 'Bone to Turbo'}
open name=--- desc=Bone to Turbo
checking ownership. requestor=129.138.12.137
check software interlocks C
interlocks []
actuate state mode=None-script, software_lock=False
doing actuation None-script open_channel True
Open C ===>> OK
GetIndicatorState C ===>> OK
change switch state (True, True)
update switch state C True args=() kw={} ncanvase=5
waiting for write to finish
measurement finished
estimated time: 26.214 actual time: :26.359
flush and close file /Users/obama/PychronDev/data/isotopes/63/623900-4fc3-4e2a-b074-5bb86f2dd83d.h5
set_fits () {}
using default fits file=/Users/obama/PychronDev/scripts/measurement/fits/nominal.yaml
set "Ar40" to "('Parabolic', 'SEM')"
14:55:14 -- OPEN   VALVE-C (Bone to Turbo)
set "Ar36" to "('Parabolic', 'SEM')"
-------------------------- open None (Bone to Turbo) result=[(True, True)]
set "Ar37" to "('linear', 'SEM')"
set "Ar38" to "('linear', 'SEM')"
set "Ar39" to "('Parabolic', 'SEM')"
set_baseline_fits () {}
using default fits file=/Users/obama/PychronDev/scripts/measurement/fits/nominal.yaml
set "H2" to "('average', 'SEM')"
set "L2(CDD)" to "('average', 'SEM')"
set "L1" to "('average', 'SEM')"
set "AX" to "('average', 'SEM')"
set "H1" to "('average', 'SEM')"
multicollect () {'integration_time': 1.048576, 'ncounts': 400}
build tables- signal [Detector(H2), Detector(H1), Detector(AX), Detector(L1), Detector(L2(CDD))]
add group /signal/Ar40 (Group) u'' table H2
add group /signal/Ar39 (Group) u'' table H1
add group /signal/Ar38 (Group) u'' table AX
add group /signal/Ar37 (Group) u'' table L1
add group /signal/Ar36 (Group) u'' table L2(CDD)
flush and close file /Users/obama/PychronDev/data/isotopes/63/623900-4fc3-4e2a-b074-5bb86f2dd83d.h5
measuring signal. ncounts=400
action=open, ok=True, locked=[False]
open () {'description': 'Bone to Getter GP-50'}
open name=--- desc=Bone to Getter GP-50
checking ownership. requestor=129.138.12.137
check software interlocks N
interlocks []
actuate state mode=None-script, software_lock=False
doing actuation None-script open_channel False
"signal" increment series count="2" fit count="1" regressing="True"
Open N ===>> OK
GetIndicatorState N ===>> OK
change switch state (True, True)
update switch state N True args=() kw={} ncanvase=5
14:55:15 -- OPEN   VALVE-N (Bone to Getter GP-50)
-------------------------- open None (Bone to Getter GP-50) result=[(True, True)]
starting measurement
action=open, ok=True, locked=[False]
open () {'description': 'Bone to Diode Laser'}
open name=--- desc=Bone to Diode Laser
checking ownership. requestor=129.138.12.137
check software interlocks B
interlocks []
actuate state mode=None-script, software_lock=False
doing actuation None-script open_channel True
Open B ===>> OK
GetIndicatorState B ===>> OK
change switch state (True, True)
update switch state B True args=() kw={} ncanvase=5
14:55:15 -- OPEN   VALVE-B (Bone to Diode Laser)
-------------------------- open None (Bone to Diode Laser) result=[(True, True)]
action=open, ok=True, locked=[False]
open () {'description': 'Bone to CO2 Laser'}
open name=--- desc=Bone to CO2 Laser
checking ownership. requestor=129.138.12.137
check software interlocks D
interlocks []
actuate state mode=None-script, software_lock=False
doing actuation None-script open_channel True
Open D ===>> OK
GetIndicatorState D ===>> OK
change switch state (True, True)
update switch state D True args=() kw={} ncanvase=5
14:55:16 -- OPEN   VALVE-D (Bone to CO2 Laser)
-------------------------- open None (Bone to CO2 Laser) result=[(True, True)]
action=open, ok=True, locked=[False]
sleep (1,) {}
SLEEP 1.0
set_resource () {'name': 'CO2PumpTimeFlag', 'value': 30}
Set CO2PumpTimeFlag 30 ===>> OK
release ('FelixCO2Flag',) {}
release FelixCO2Flag
Set FelixCO2Flag 0 ===>> OK
executed snippet estimated_duration=6.0, duration=4.53860402107
PumpBone.py completed successfully
gosub finished
get_resource_value () {'name': 'FelixMiniboneFlag'}
Read FelixMiniboneFlag ===>> 0
Get Resource Value FelixMiniboneFlag=0.0
executed snippet estimated_duration=4.0, duration=4.54678010941
felix_pump_extraction_line.py completed successfully
Post Equilibration Finished
14:55:17 -- ******* Post Equilibration Finished *******
GetDeflection L2 (CDD) ===>> 0
testing L2_CDD_==3250
evaluate ot="L2(CDD).deflection==3250" t="L2_CDD_==3250", ctx="{'L2_CDD_': 0.0}"
GetDeflection L2 (CDD) ===>> 0
testing L2_CDD_==3250
evaluate ot="L2(CDD).deflection==3250" t="L2_CDD_==3250", ctx="{'L2_CDD_': 0.0}"
14:55:40 -- collecting point 25
GetDeflection L2 (CDD) ===>> 0
testing L2_CDD_==3250
evaluate ot="L2(CDD).deflection==3250" t="L2_CDD_==3250", ctx="{'L2_CDD_': 0.0}"
GetDeflection L2 (CDD) ===>> 0
testing L2_CDD_==3250
evaluate ot="L2(CDD).deflection==3250" t="L2_CDD_==3250", ctx="{'L2_CDD_': 0.0}"
14:56:06 -- collecting point 50
GetDeflection L2 (CDD) ===>> 0
testing L2_CDD_==3250
evaluate ot="L2(CDD).deflection==3250" t="L2_CDD_==3250", ctx="{'L2_CDD_': 0.0}"
GetDeflection L2 (CDD) ===>> 0
testing L2_CDD_==3250
evaluate ot="L2(CDD).deflection==3250" t="L2_CDD_==3250", ctx="{'L2_CDD_': 0.0}"
GetDeflection L2 (CDD) ===>> 0
testing L2_CDD_==3250
evaluate ot="L2(CDD).deflection==3250" t="L2_CDD_==3250", ctx="{'L2_CDD_': 0.0}"
14:56:33 -- collecting point 75
GetDeflection L2 (CDD) ===>> 0
testing L2_CDD_==3250
evaluate ot="L2(CDD).deflection==3250" t="L2_CDD_==3250", ctx="{'L2_CDD_': 0.0}"
GetDeflection L2 (CDD) ===>> 0
testing L2_CDD_==3250
evaluate ot="L2(CDD).deflection==3250" t="L2_CDD_==3250", ctx="{'L2_CDD_': 0.0}"
14:56:59 -- collecting point 100
GetDeflection L2 (CDD) ===>> 0
testing L2_CDD_==3250
evaluate ot="L2(CDD).deflection==3250" t="L2_CDD_==3250", ctx="{'L2_CDD_': 0.0}"
GetDeflection L2 (CDD) ===>> 0
testing L2_CDD_==3250
evaluate ot="L2(CDD).deflection==3250" t="L2_CDD_==3250", ctx="{'L2_CDD_': 0.0}"
GetDeflection L2 (CDD) ===>> 0
testing L2_CDD_==3250
evaluate ot="L2(CDD).deflection==3250" t="L2_CDD_==3250", ctx="{'L2_CDD_': 0.0}"
14:57:25 -- collecting point 125
GetDeflection L2 (CDD) ===>> 0
testing L2_CDD_==3250
evaluate ot="L2(CDD).deflection==3250" t="L2_CDD_==3250", ctx="{'L2_CDD_': 0.0}"
GetDeflection L2 (CDD) ===>> 0
testing L2_CDD_==3250
evaluate ot="L2(CDD).deflection==3250" t="L2_CDD_==3250", ctx="{'L2_CDD_': 0.0}"
14:57:52 -- collecting point 150
GetDeflection L2 (CDD) ===>> 0
testing L2_CDD_==3250
evaluate ot="L2(CDD).deflection==3250" t="L2_CDD_==3250", ctx="{'L2_CDD_': 0.0}"
GetDeflection L2 (CDD) ===>> 0
testing L2_CDD_==3250
evaluate ot="L2(CDD).deflection==3250" t="L2_CDD_==3250", ctx="{'L2_CDD_': 0.0}"
GetDeflection L2 (CDD) ===>> 0
testing L2_CDD_==3250
evaluate ot="L2(CDD).deflection==3250" t="L2_CDD_==3250", ctx="{'L2_CDD_': 0.0}"
14:58:18 -- collecting point 175
GetDeflection L2 (CDD) ===>> 0
testing L2_CDD_==3250
evaluate ot="L2(CDD).deflection==3250" t="L2_CDD_==3250", ctx="{'L2_CDD_': 0.0}"
GetDeflection L2 (CDD) ===>> 0
testing L2_CDD_==3250
evaluate ot="L2(CDD).deflection==3250" t="L2_CDD_==3250", ctx="{'L2_CDD_': 0.0}"
14:58:44 -- collecting point 200
GetDeflection L2 (CDD) ===>> 0
testing L2_CDD_==3250
evaluate ot="L2(CDD).deflection==3250" t="L2_CDD_==3250", ctx="{'L2_CDD_': 0.0}"
GetDeflection L2 (CDD) ===>> 0
testing L2_CDD_==3250
evaluate ot="L2(CDD).deflection==3250" t="L2_CDD_==3250", ctx="{'L2_CDD_': 0.0}"
GetDeflection L2 (CDD) ===>> 0
testing L2_CDD_==3250
evaluate ot="L2(CDD).deflection==3250" t="L2_CDD_==3250", ctx="{'L2_CDD_': 0.0}"
14:59:10 -- collecting point 225
GetDeflection L2 (CDD) ===>> 0
testing L2_CDD_==3250
evaluate ot="L2(CDD).deflection==3250" t="L2_CDD_==3250", ctx="{'L2_CDD_': 0.0}"
GetDeflection L2 (CDD) ===>> 0
testing L2_CDD_==3250
evaluate ot="L2(CDD).deflection==3250" t="L2_CDD_==3250", ctx="{'L2_CDD_': 0.0}"
14:59:37 -- collecting point 250
GetDeflection L2 (CDD) ===>> 0
testing L2_CDD_==3250
evaluate ot="L2(CDD).deflection==3250" t="L2_CDD_==3250", ctx="{'L2_CDD_': 0.0}"
GetDeflection L2 (CDD) ===>> 0
testing L2_CDD_==3250
evaluate ot="L2(CDD).deflection==3250" t="L2_CDD_==3250", ctx="{'L2_CDD_': 0.0}"
GetDeflection L2 (CDD) ===>> 0
testing L2_CDD_==3250
evaluate ot="L2(CDD).deflection==3250" t="L2_CDD_==3250", ctx="{'L2_CDD_': 0.0}"
15:00:03 -- collecting point 275
GetDeflection L2 (CDD) ===>> 0
testing L2_CDD_==3250
evaluate ot="L2(CDD).deflection==3250" t="L2_CDD_==3250", ctx="{'L2_CDD_': 0.0}"
GetDeflection L2 (CDD) ===>> 0
testing L2_CDD_==3250
evaluate ot="L2(CDD).deflection==3250" t="L2_CDD_==3250", ctx="{'L2_CDD_': 0.0}"
15:00:29 -- collecting point 300
GetDeflection L2 (CDD) ===>> 0
testing L2_CDD_==3250
evaluate ot="L2(CDD).deflection==3250" t="L2_CDD_==3250", ctx="{'L2_CDD_': 0.0}"
GetDeflection L2 (CDD) ===>> 0
testing L2_CDD_==3250
evaluate ot="L2(CDD).deflection==3250" t="L2_CDD_==3250", ctx="{'L2_CDD_': 0.0}"
GetDeflection L2 (CDD) ===>> 0
testing L2_CDD_==3250
evaluate ot="L2(CDD).deflection==3250" t="L2_CDD_==3250", ctx="{'L2_CDD_': 0.0}"
15:00:56 -- collecting point 325
GetDeflection L2 (CDD) ===>> 0
testing L2_CDD_==3250
evaluate ot="L2(CDD).deflection==3250" t="L2_CDD_==3250", ctx="{'L2_CDD_': 0.0}"
GetDeflection L2 (CDD) ===>> 0
testing L2_CDD_==3250
evaluate ot="L2(CDD).deflection==3250" t="L2_CDD_==3250", ctx="{'L2_CDD_': 0.0}"
15:01:22 -- collecting point 350
GetDeflection L2 (CDD) ===>> 0
testing L2_CDD_==3250
evaluate ot="L2(CDD).deflection==3250" t="L2_CDD_==3250", ctx="{'L2_CDD_': 0.0}"
GetDeflection L2 (CDD) ===>> 0
testing L2_CDD_==3250
evaluate ot="L2(CDD).deflection==3250" t="L2_CDD_==3250", ctx="{'L2_CDD_': 0.0}"
GetDeflection L2 (CDD) ===>> 0
testing L2_CDD_==3250
evaluate ot="L2(CDD).deflection==3250" t="L2_CDD_==3250", ctx="{'L2_CDD_': 0.0}"
15:01:48 -- collecting point 375
GetDeflection L2 (CDD) ===>> 0
testing L2_CDD_==3250
evaluate ot="L2(CDD).deflection==3250" t="L2_CDD_==3250", ctx="{'L2_CDD_': 0.0}"
GetDeflection L2 (CDD) ===>> 0
testing L2_CDD_==3250
evaluate ot="L2(CDD).deflection==3250" t="L2_CDD_==3250", ctx="{'L2_CDD_': 0.0}"
15:02:14 -- collecting point 400
waiting for write to finish
measurement finished
estimated time: 419.430 actual time: :420.596
flush and close file /Users/obama/PychronDev/data/isotopes/63/623900-4fc3-4e2a-b074-5bb86f2dd83d.h5
baselines () {'settling_time': 15.0, 'detector': 'H2', 'mass': 39.862, 'ncounts': 120}
%%%%%%%%%%%%%%%%%%%%%%%%%%%%%%%% Baseline
build tables- baseline [Detector(H2), Detector(H1), Detector(AX), Detector(L1), Detector(L2(CDD))]
add group baseline table H2
add group baseline table H1
add group baseline table AX
add group baseline table L1
add group baseline table L2(CDD)
flush and close file /Users/obama/PychronDev/data/isotopes/63/623900-4fc3-4e2a-b074-5bb86f2dd83d.h5
detector Detector(H2)
POSITION 39.862 H2
Mapping mass to dac mass func: "parabolic"
H2 map mass coeffs = [ -2.56720193e-04   9.47812314e-02   3.87974975e-01]
H2 map mass to dac 39.862 >> 3.75822141492
GetHighVoltage ===>> 9900
positioning 39.862 (3.75822141492) on H2
setting magnet DAC
current  : 3.765680
requested: 3.758221
Delta Dac: 0.007459
Checking detector protection. dv=0.00746
SetMagnetDAC 3.75822141492 ===>> OK
Magnet settling time: 0.500 0.500
Magnet settling complete
set_dac. change=True
Delaying 15.0s for detectors to settle
Join finished
measuring baseline. ncounts=120
"baseline" increment series count="2" fit count="1" regressing="True"
starting measurement
GetDeflection L2 (CDD) ===>> 0
testing L2_CDD_==3250
evaluate ot="L2(CDD).deflection==3250" t="L2_CDD_==3250", ctx="{'L2_CDD_': 0.0}"
GetDeflection L2 (CDD) ===>> 0
testing L2_CDD_==3250
evaluate ot="L2(CDD).deflection==3250" t="L2_CDD_==3250", ctx="{'L2_CDD_': 0.0}"
15:02:57 -- collecting point 25
GetDeflection L2 (CDD) ===>> 0
testing L2_CDD_==3250
evaluate ot="L2(CDD).deflection==3250" t="L2_CDD_==3250", ctx="{'L2_CDD_': 0.0}"
GetDeflection L2 (CDD) ===>> 0
testing L2_CDD_==3250
evaluate ot="L2(CDD).deflection==3250" t="L2_CDD_==3250", ctx="{'L2_CDD_': 0.0}"
15:03:23 -- collecting point 50
GetDeflection L2 (CDD) ===>> 0
testing L2_CDD_==3250
evaluate ot="L2(CDD).deflection==3250" t="L2_CDD_==3250", ctx="{'L2_CDD_': 0.0}"
GetDeflection L2 (CDD) ===>> 0
testing L2_CDD_==3250
evaluate ot="L2(CDD).deflection==3250" t="L2_CDD_==3250", ctx="{'L2_CDD_': 0.0}"
GetDeflection L2 (CDD) ===>> 0
testing L2_CDD_==3250
evaluate ot="L2(CDD).deflection==3250" t="L2_CDD_==3250", ctx="{'L2_CDD_': 0.0}"
15:03:49 -- collecting point 75
GetDeflection L2 (CDD) ===>> 0
testing L2_CDD_==3250
evaluate ot="L2(CDD).deflection==3250" t="L2_CDD_==3250", ctx="{'L2_CDD_': 0.0}"
GetDeflection L2 (CDD) ===>> 0
testing L2_CDD_==3250
evaluate ot="L2(CDD).deflection==3250" t="L2_CDD_==3250", ctx="{'L2_CDD_': 0.0}"
15:04:16 -- collecting point 100
GetDeflection L2 (CDD) ===>> 0
testing L2_CDD_==3250
evaluate ot="L2(CDD).deflection==3250" t="L2_CDD_==3250", ctx="{'L2_CDD_': 0.0}"
GetDeflection L2 (CDD) ===>> 0
testing L2_CDD_==3250
evaluate ot="L2(CDD).deflection==3250" t="L2_CDD_==3250", ctx="{'L2_CDD_': 0.0}"
waiting for write to finish
measurement finished
estimated time: 125.829 actual time: :126.245
flush and close file /Users/obama/PychronDev/data/isotopes/63/623900-4fc3-4e2a-b074-5bb86f2dd83d.h5
activate_detectors ('H1', 'L2(CDD)') {'peak_center': True}
peak_center () {'detector': 'H2', 'integration_time': 1.048576, 'isotope': 'Ar40'}
peak center: mean=3.74290540834 threshold=1.0
peak center started
setup peak center. detector=['H2', 'H1', 'L2(CDD)'], isotope=Ar40
VersionedUnpickler [<apptools.sweet_pickle.versioned_unpickler.VersionedUnpickler object at 0x1a49f1bf0>] using Updater [<apptools.sweet_pickle.updater.Updater object at 0x122f25e90>]
VersionedUnpickler [<apptools.sweet_pickle.versioned_unpickler.VersionedUnpickler object at 0x1a49f1bf0>] using Updater [<apptools.sweet_pickle.updater.Updater object at 0x122f25e90>]
VersionedUnpickler [<apptools.sweet_pickle.versioned_unpickler.VersionedUnpickler object at 0x1b455bd70>] using Updater [<apptools.sweet_pickle.updater.Updater object at 0x122f25e90>]
setting integration time = 0.524288
SetIntegrationTime 0.524288 ===>> OK
Mapping mass to dac mass func: "parabolic"
H2 map mass coeffs = [ -2.56720193e-04   9.47812314e-02   3.87974975e-01]
H2 map mass to dac 39.9624 >> 3.76568
GetHighVoltage ===>> 9900
do peak center. <pychron.spectrometer.jobs.peak_center.PeakCenter object at 0x1a12f3110>
doing pc
starting peak center. center dac= 3.76568 step_width=0.0001
width = 0.0001
get scan parameters. half-width=0.002,window=0.002, i=0, scalar=1
Scan parameters center=3.76568 width=0.00400 (3.76368 - 3.76768)
Moving to starting dac 3.76368
setting magnet DAC
current  : 3.758221
requested: 3.763680
Delta Dac: 0.005459
Checking detector protection. dv=0.00546
SetMagnetDAC 3.76368 ===>> OK
Magnet settling time: 0.500 0.500
Magnet settling complete
set_dac. change=True
Wait until signal near baseline. tol= -0.0824604199503. timeout= 10
Peak center baseline intensity achieved
_do_sweep sm= 3.76368, em= 3.76768, stm= 0.0001
calculated step values: start=3.76368, end=3.76768, width=0.0001, nsteps=41.0
setting magnet DAC
current  : 3.763680
requested: 3.763680
Delta Dac: 0.000000
Checking detector protection. dv=0.00000
set_dac. change=False
setting magnet DAC
current  : 3.763680
requested: 3.763783
Delta Dac: 0.000103
Checking detector protection. dv=0.00010
Magnet settling time: 1.049 0.500
Magnet settling complete
set_dac. change=True
setting magnet DAC
current  : 3.763783
requested: 3.763885
Delta Dac: 0.000103
Checking detector protection. dv=0.00010
Magnet settling time: 1.049 0.500
Magnet settling complete
set_dac. change=True
setting magnet DAC
current  : 3.763885
requested: 3.763988
Delta Dac: 0.000103
Checking detector protection. dv=0.00010
Magnet settling time: 1.049 0.500
Magnet settling complete
set_dac. change=True
setting magnet DAC
current  : 3.763988
requested: 3.764090
Delta Dac: 0.000103
Checking detector protection. dv=0.00010
Magnet settling time: 1.049 0.500
Magnet settling complete
set_dac. change=True
setting magnet DAC
current  : 3.764090
requested: 3.764193
Delta Dac: 0.000103
Checking detector protection. dv=0.00010
Magnet settling time: 1.049 0.500
Magnet settling complete
set_dac. change=True
setting magnet DAC
current  : 3.764193
requested: 3.764295
Delta Dac: 0.000103
Checking detector protection. dv=0.00010
Magnet settling time: 1.049 0.500
Magnet settling complete
set_dac. change=True
setting magnet DAC
current  : 3.764295
requested: 3.764398
Delta Dac: 0.000103
Checking detector protection. dv=0.00010
Magnet settling time: 1.049 0.500
Magnet settling complete
set_dac. change=True
setting magnet DAC
current  : 3.764398
requested: 3.764501
Delta Dac: 0.000103
Checking detector protection. dv=0.00010
Magnet settling time: 1.049 0.500
Magnet settling complete
set_dac. change=True
setting magnet DAC
current  : 3.764501
requested: 3.764603
Delta Dac: 0.000103
Checking detector protection. dv=0.00010
Magnet settling time: 1.049 0.500
Magnet settling complete
set_dac. change=True
setting magnet DAC
current  : 3.764603
requested: 3.764706
Delta Dac: 0.000103
Checking detector protection. dv=0.00010
Magnet settling time: 1.049 0.500
Magnet settling complete
set_dac. change=True
setting magnet DAC
current  : 3.764706
requested: 3.764808
Delta Dac: 0.000103
Checking detector protection. dv=0.00010
Magnet settling time: 1.049 0.500
Magnet settling complete
set_dac. change=True
setting magnet DAC
current  : 3.764808
requested: 3.764911
Delta Dac: 0.000103
Checking detector protection. dv=0.00010
Magnet settling time: 1.049 0.500
Magnet settling complete
set_dac. change=True
setting magnet DAC
current  : 3.764911
requested: 3.765013
Delta Dac: 0.000103
Checking detector protection. dv=0.00010
Magnet settling time: 1.049 0.500
Magnet settling complete
set_dac. change=True
setting magnet DAC
current  : 3.765013
requested: 3.765116
Delta Dac: 0.000103
Checking detector protection. dv=0.00010
Magnet settling time: 1.049 0.500
Magnet settling complete
set_dac. change=True
setting magnet DAC
current  : 3.765116
requested: 3.765218
Delta Dac: 0.000103
Checking detector protection. dv=0.00010
Magnet settling time: 1.049 0.500
Magnet settling complete
set_dac. change=True
setting magnet DAC
current  : 3.765218
requested: 3.765321
Delta Dac: 0.000103
Checking detector protection. dv=0.00010
Magnet settling time: 1.049 0.500
Magnet settling complete
set_dac. change=True
setting magnet DAC
current  : 3.765321
requested: 3.765424
Delta Dac: 0.000103
Checking detector protection. dv=0.00010
Magnet settling time: 1.049 0.500
Magnet settling complete
set_dac. change=True
setting magnet DAC
current  : 3.765424
requested: 3.765526
Delta Dac: 0.000103
Checking detector protection. dv=0.00010
Magnet settling time: 1.049 0.500
Magnet settling complete
set_dac. change=True
setting magnet DAC
current  : 3.765526
requested: 3.765629
Delta Dac: 0.000103
Checking detector protection. dv=0.00010
Magnet settling time: 1.049 0.500
Magnet settling complete
set_dac. change=True
setting magnet DAC
current  : 3.765629
requested: 3.765731
Delta Dac: 0.000103
Checking detector protection. dv=0.00010
Magnet settling time: 1.049 0.500
Magnet settling complete
set_dac. change=True
setting magnet DAC
current  : 3.765731
requested: 3.765834
Delta Dac: 0.000103
Checking detector protection. dv=0.00010
Magnet settling time: 1.049 0.500
Magnet settling complete
set_dac. change=True
setting magnet DAC
current  : 3.765834
requested: 3.765936
Delta Dac: 0.000103
Checking detector protection. dv=0.00010
Magnet settling time: 1.049 0.500
Magnet settling complete
set_dac. change=True
setting magnet DAC
current  : 3.765936
requested: 3.766039
Delta Dac: 0.000103
Checking detector protection. dv=0.00010
Magnet settling time: 1.049 0.500
Magnet settling complete
set_dac. change=True
setting magnet DAC
current  : 3.766039
requested: 3.766142
Delta Dac: 0.000103
Checking detector protection. dv=0.00010
Magnet settling time: 1.049 0.500
Magnet settling complete
set_dac. change=True
setting magnet DAC
current  : 3.766142
requested: 3.766244
Delta Dac: 0.000103
Checking detector protection. dv=0.00010
Magnet settling time: 1.049 0.500
Magnet settling complete
set_dac. change=True
setting magnet DAC
current  : 3.766244
requested: 3.766347
Delta Dac: 0.000103
Checking detector protection. dv=0.00010
Magnet settling time: 1.049 0.500
Magnet settling complete
set_dac. change=True
setting magnet DAC
current  : 3.766347
requested: 3.766449
Delta Dac: 0.000103
Checking detector protection. dv=0.00010
Magnet settling time: 1.049 0.500
Magnet settling complete
set_dac. change=True
setting magnet DAC
current  : 3.766449
requested: 3.766552
Delta Dac: 0.000103
Checking detector protection. dv=0.00010
Magnet settling time: 1.049 0.500
Magnet settling complete
set_dac. change=True
setting magnet DAC
current  : 3.766552
requested: 3.766654
Delta Dac: 0.000103
Checking detector protection. dv=0.00010
Magnet settling time: 1.049 0.500
Magnet settling complete
set_dac. change=True
setting magnet DAC
current  : 3.766654
requested: 3.766757
Delta Dac: 0.000103
Checking detector protection. dv=0.00010
Magnet settling time: 1.049 0.500
Magnet settling complete
set_dac. change=True
setting magnet DAC
current  : 3.766757
requested: 3.766859
Delta Dac: 0.000103
Checking detector protection. dv=0.00010
Magnet settling time: 1.049 0.500
Magnet settling complete
set_dac. change=True
setting magnet DAC
current  : 3.766859
requested: 3.766962
Delta Dac: 0.000103
Checking detector protection. dv=0.00010
Magnet settling time: 1.049 0.500
Magnet settling complete
set_dac. change=True
setting magnet DAC
current  : 3.766962
requested: 3.767065
Delta Dac: 0.000103
Checking detector protection. dv=0.00010
Magnet settling time: 1.049 0.500
Magnet settling complete
set_dac. change=True
setting magnet DAC
current  : 3.767065
requested: 3.767167
Delta Dac: 0.000103
Checking detector protection. dv=0.00010
Magnet settling time: 1.049 0.500
Magnet settling complete
set_dac. change=True
setting magnet DAC
current  : 3.767167
requested: 3.767270
Delta Dac: 0.000103
Checking detector protection. dv=0.00010
Magnet settling time: 1.049 0.500
Magnet settling complete
set_dac. change=True
setting magnet DAC
current  : 3.767270
requested: 3.767372
Delta Dac: 0.000103
Checking detector protection. dv=0.00010
Magnet settling time: 1.049 0.500
Magnet settling complete
set_dac. change=True
setting magnet DAC
current  : 3.767372
requested: 3.767475
Delta Dac: 0.000103
Checking detector protection. dv=0.00010
Magnet settling time: 1.049 0.500
Magnet settling complete
set_dac. change=True
setting magnet DAC
current  : 3.767475
requested: 3.767577
Delta Dac: 0.000103
Checking detector protection. dv=0.00010
Magnet settling time: 1.049 0.500
Magnet settling complete
set_dac. change=True
setting magnet DAC
current  : 3.767577
requested: 3.767680
Delta Dac: 0.000103
Checking detector protection. dv=0.00010
Magnet settling time: 1.049 0.500
Magnet settling complete
set_dac. change=True
result of _do_sweep=True
result of _calculate_peak_center=([3.7646218837675356, 3.7657601603206414, 3.7668984368737473], [3.8691450056410672, 5.2677838072478345, 3.926868900617853], 3.7655397194388778, 5.2677838072478345)
Failed to find a valid peak. No peak greater than 1.0. max = 0.583376042903
Failed to find a valid peak. No peak greater than 1.0. max = 0.0222165800121
new center pos Detector(H2) (Ar40) @ 3.76576016032
GetHighVoltage ===>> 9900
dac uncorrected for HV and deflection 3.76576016032
update mftable H2 Ar40 3.76576016032 message=automated run peakcenter
get initial guess parabolic
get initial guess parabolic
get initial guess parabolic
get initial guess parabolic
get initial guess parabolic
get initial guess parabolic
dump mftable to /Users/obama/PychronDev/setupfiles/spectrometer/mftables/argon.csv
add to repo msg=modified - automated run peakcenter
sweep finished
locally archiving mftable
setting magnet DAC
current  : 3.767680
requested: 3.765760
Delta Dac: 0.001920
Checking detector protection. dv=0.00192
SetMagnetDAC 3.76576016032 ===>> OK
Magnet settling time: 0.500 0.500
Magnet settling complete
set_dac. change=True
setting integration time = 1.048576
SetIntegrationTime 1.048576 ===>> OK
Failed to find a valid peak. No peak greater than 1.0. max = 0.583376042903
Failed to find a valid peak. No peak greater than 1.0. max = 0.0222165800121
flush and close file /Users/obama/PychronDev/data/isotopes/63/623900-4fc3-4e2a-b074-5bb86f2dd83d.h5
finished measure script
executed snippet estimated_duration=585.2304, duration=640.874936819
felix_analysis400_120.py completed successfully
Measurement Finished
15:05:23 -- ******* Measurement Finished *******
Post Measurement Started felix_pump_ms.py
15:05:23 -- ******* Post Measurement Started felix_pump_ms.py *******
testing...
no interpolation path defined
executed snippet estimated_duration=0, duration=3.69548797607e-05
Pumping spectrometer
open () {'name': 'V'}
open name=V desc=---
checking ownership. requestor=129.138.12.137
check software interlocks V
interlocks []
actuate state mode=None-script, software_lock=False
doing actuation None-script open_channel True
Open V ===>> OK
GetIndicatorState V ===>> OK
change switch state (True, True)
update switch state V True args=() kw={} ncanvase=5
15:05:24 -- OPEN   VALVE-V (Felix Ion Pump)
-------------------------- open V () result=[(True, True)]
action=open, ok=True, locked=[False]
executed snippet estimated_duration=0, duration=0.370637178421
felix_pump_ms.py completed successfully
setting _ms_pumptime
Post Measurement Finished
15:05:24 -- ******* Post Measurement Finished *******
$$$$$$$$$$$$$$$$$$$$ state at run end measurement
state changed from measurement to success
post measurement save measured=True aborted=False
Set filtering
setting fod for Ar40= {'filter_outliers': True, 'std_devs': 2, 'iterations': 2}
setting fod for H2= {'filter_outliers': True, 'std_devs': 2, 'iterations': 1}
setting fod for Ar36= {'filter_outliers': True, 'std_devs': 2, 'iterations': 2}
setting fod for L2(CDD)= {'filter_outliers': True, 'std_devs': 2, 'iterations': 1}
setting fod for Ar37= {'filter_outliers': True, 'std_devs': 2, 'iterations': 2}
setting fod for L1= {'filter_outliers': True, 'std_devs': 2, 'iterations': 1}
setting fod for Ar38= {'filter_outliers': True, 'std_devs': 2, 'iterations': 2}
setting fod for AX= {'filter_outliers': True, 'std_devs': 2, 'iterations': 1}
setting fod for Ar39= {'filter_outliers': True, 'std_devs': 2, 'iterations': 2}
setting fod for H1= {'filter_outliers': True, 'std_devs': 2, 'iterations': 1}
not connected to db mysql://felixexp@129.138.12.160/labspy
Enviromentals: {'lab_humiditys': [{'device': 'EnvironmentalMonitor',
                    'name': 'Lab Hum.',
                    'pub_date': '2017-08-07T15:02:14',
                    'title': 'iServer Hum.',
                    'value': 40.1}],
 'lab_pneumatics': [{'device': 'AirPressure',
                     'name': 'Pressure',
                     'pub_date': '2017-08-07T15:04:11',
                     'title': None,
                     'value': 96.825},
                    {'device': 'AirPressure2',
                     'name': 'Pressure2',
                     'pub_date': '2017-08-07T15:04:18',
                     'title': None,
                     'value': 98.35462}],
 'lab_temperatures': [{'device': 'Coldfinger',
                       'name': 'ColdFinger Temp.',
                       'pub_date': '2017-08-07T15:03:15',
                       'title': None,
                       'value': -193.0},
                      {'device': 'EnvironmentalMonitor',
                       'name': 'Lab Temp.',
                       'pub_date': '2017-08-07T14:42:02',
                       'title': 'iServer Temp.',
                       'value': 76.1},
                      {'device': 'Chiller',
                       'name': 'Coolant Temp.',
                       'pub_date': '2017-08-07T15:04:27',
                       'title': None,
                       'value': 17.9444444444444}]}
persistence save...
persistence save - db
post measurement save
7342665168 connecting to database sqlite://@/
connected to db sqlite://@/
create new session 7342665168
close session 7342665168
No database instance. Not saving post measurement to isotopedb database
$$$$$$$$$$$$$$$ auto_save_detector_ic=False
massspec enabled True
create new session 7981058768
MassSpec Database Version: 16.0
close session 7981058768
saving post measurement to secondary database
saving to massspec database 129.138.12.160/massspecdata
setting labnumber to bu-FD-F
setting aliquot to 660
setting step to 
setting uuid to 63623900-4fc3-4e2a-b074-5bb86f2dd83d
setting irradpos to bu-FD-F
setting extract_device to Fusions Diode
setting tray to 
setting position to 
setting power_requested to 0.0
setting extract_value to 0.0
setting duration to 40.0
setting duration_at_request to 40.0
setting first_stage_delay to 40.0
setting cleanup to 60.0
setting comment to 
setting irradiation to NoIrradiation
setting level to A
setting irradiation_level to A
setting sample to blank_unknown
setting material to Blank
setting project to REFERENCES
setting mass_spectrometer to Felix
no attribute chron_dosages
no attribute production_ratios
no attribute interference_corrections
no attribute production_name
no attribute j
Reference Isotope=Ar40
Reference Detector=H2
%%%%%%%%%%%%%%%%%%%% Comment:  %%%%%%%%%%%%%%%%%%%
adding isotope Ar40 H2
add baseline dbdet= Ar40. original det= H2
get baseline data Ar40 H2
Get data baseline <pychron.processing.isotope.Baseline object at 0x1b02f7050> len t=120
baseline Ar40. v=-0.0842100416779, e=0.00906025072099
get signal data Ar40 H2
Get data signal Ar40 0.238+/-0.019 len t=400
adding isotope Ar39 H1
add baseline dbdet= Ar39. original det= H1
get baseline data Ar39 H1
Get data baseline <pychron.processing.isotope.Baseline object at 0x198d0e310> len t=120
baseline Ar39. v=-0.0528353987501, e=0.00996023654987
get signal data Ar39 H1
Get data signal Ar39 -0.005+/-0.024 len t=400
adding isotope Ar38 AX
add baseline dbdet= Ar38. original det= AX
get baseline data Ar38 AX
Get data baseline <pychron.processing.isotope.Baseline object at 0x198d0e590> len t=120
baseline Ar38. v=-0.142654733549, e=0.0119337293211
get signal data Ar38 AX
Get data signal Ar38 0.032+/-0.014 len t=400
adding isotope Ar37 L1
add baseline dbdet= Ar37. original det= L1
get baseline data Ar37 L1
Get data baseline <pychron.processing.isotope.Baseline object at 0x198d0ee50> len t=120
baseline Ar37. v=-0.189833517816, e=0.0110448115721
get signal data Ar37 L1
Get data signal Ar37 -0.008+/-0.012 len t=400
adding isotope Ar36 L2(CDD)
add baseline dbdet= Ar36. original det= L2(CDD)
get baseline data Ar36 L2(CDD)
Get data baseline <pychron.processing.isotope.Baseline object at 0x198d0ecd0> len t=120
baseline Ar36. v=0.0, e=0.0
get signal data Ar36 L2(CDD)
Get data signal Ar36 0.00213+/-0.00014 len t=400
bu-FD-F-660 added analysis time 0.540817975998s
analysis added to mass spec database
mass spec save time= 0.552
persistence save - dvc
================= post measurement started
create new session 4712361424
close session 4712361424
---------------- Experiment Queue saving disabled
DVC saving peakcenter
Failed to find a valid peak. No peak greater than 1.0. max = 0.583376042903
Failed to find a valid peak. No peak greater than 1.0. max = 0.0222165800121
Smart pull ahead: 0 behind: 0
Up-to-date with origin
add to repo msg=modified - 44c6f8761147de90179e8a3952e48831c78a9a46.json
add to repo msg=modified - -F-660.json
add to repo msg=modified - -F-660.dat.json
add to repo msg=modified - -F-660.blan.json
add to repo msg=modified - -F-660.inte.json
add to repo msg=modified - -F-660.icfa.json
add to repo msg=modified - -F-660.base.json
not at valid file /Users/obama/PychronDev/data/.dvc/repositories/IR997/bu-FD/tags/-F-660.tags.json
add to repo msg=modified - -F-660.peak.json
add to repo msg=modified - -F-660.extr.json
not at valid file /Users/obama/PychronDev/data/.dvc/repositories/IR997/bu-FD/monitor/-F-660.moni.json
commit message=<COLLECTION>
add to repo msg=modified - -F-660.inte.json
add to repo msg=modified - -F-660.base.json
commit message=<ISOEVO> default collection fits
add to repo msg=modified - -F-660.blan.json
commit message=<BLANKS> preceding bc-02-F-558
add to repo msg=modified - -F-660.icfa.json
commit message=<ICFactor> default
push repository <pychron.git_archive.repo_manager.GitRepoManager object at 0x12681fb30>
pushing to remote=origin, url=https://github.com
no changes to meta repo
create new session 4712361424
add association IR997
get identifier "bu-FD-F"
setting analysis irradiation position=<pychron.dvc.dvc_orm.IrradiationPositionTbl object at 0x17942c590>
close session 4712361424
================= post measurement finished
15:05:38 -- ******* Post Run Check *******
loading queue conditionals post_run_actions
loading system conditionals post_run_actions
loading conditionals from /Users/obama/PychronDev/setupfiles/spectrometer/default_conditionals.yaml
loading queue conditionals post_run_terminations
loading system conditionals post_run_terminations
loading conditionals from /Users/obama/PychronDev/setupfiles/spectrometer/default_conditionals.yaml
Checking default post run terminations n=1
GetDeflection L2 (CDD) ===>> 0
testing L2_CDD_==3250
evaluate ot="L2(CDD).deflection==3250" t="L2_CDD_==3250", ctx="{'L2_CDD_': 0.0}"
15:05:38 -- ******* Post Run Check Passed *******
15:05:38 -- Automated run bu-FD-F-660 success duration: 795.907 s
----------------- finish -----------------
----------------- stop -----------------
retroactive repository identifiers disabled
finish run. runs completed=4
update duration runid=bu-FD-F-660, duration=795.907252073, md5=0f1daef3
loading script "felix_analysis400_120.py"
loading script "felix_pump_ms.py"
loading script "felix_diode.py"
loading script "felix_pump_extraction_line.py"
testing...
no interpolation path defined
executed snippet estimated_duration=559.2304, duration=0.000308990478516
script duration name:analysis400_120 seconds:559.0
loading script "felix_analysis400_120.py"
loading script "felix_pump_ms.py"
loading script "felix_diode.py"
loading script "felix_pump_extraction_line.py"
testing...
no interpolation path defined
executed snippet estimated_duration=0, duration=3.09944152832e-05
loading script "felix_analysis400_120.py"
loading script "felix_pump_ms.py"
loading script "felix_diode.py"
loading script "felix_pump_extraction_line.py"
testing...
no interpolation path defined
calculate duration
testing...
no interpolation path defined
executed snippet estimated_duration=0, duration=0.000113010406494
calculate duration
testing...
no interpolation path defined
executed snippet estimated_duration=0, duration=2.78949737549e-05
calculate duration
testing...
no interpolation path defined
executed snippet estimated_duration=42.0, duration=0.000165939331055
executed snippet estimated_duration=42.0, duration=0.0108890533447
script duration name:diode seconds:42.0
loading script "felix_analysis400_120.py"
loading script "felix_pump_ms.py"
loading script "felix_diode.py"
loading script "felix_pump_extraction_line.py"
testing...
no interpolation path defined
calculate duration
testing...
no interpolation path defined
executed snippet estimated_duration=4.0, duration=0.000255823135376
executed snippet estimated_duration=4.0, duration=0.00650000572205
Script duration 601.0
Run total estimated duration= 602.000
loading script "felix_analysis400_120_no_save_center.py"
loading script "felix_pump_ms.py"
loading script "felix_diode.py"
loading script "felix_pump_extraction_line.py"
testing...
no interpolation path defined
executed snippet estimated_duration=559.2304, duration=0.000253915786743
script duration name:analysis400_120_no_save_center seconds:559.0
pump_ms in script context. using previous estimated duration
diode in script context. using previous estimated duration
script duration name:diode seconds:42.0
pump_extraction_line in script context. using previous estimated duration
Script duration 601.0
Run total estimated duration= 602.000
analysis400_120_no_save_center in script context. using previous estimated duration
script duration name:analysis400_120_no_save_center seconds:559.0
script duration name:diode seconds:42.0
Script duration 601.0
Run total estimated duration= 602.000
script duration name:analysis400_120_no_save_center seconds:559.0
script duration name:diode seconds:42.0
Script duration 601.0
Run total estimated duration= 602.000
script duration name:analysis400_120_no_save_center seconds:559.0
script duration name:diode seconds:42.0
Script duration 601.0
Run total estimated duration= 602.000
script duration name:analysis400_120_no_save_center seconds:559.0
script duration name:diode seconds:42.0
Script duration 601.0
Run total estimated duration= 602.000
script duration name:analysis400_120_no_save_center seconds:559.0
script duration name:diode seconds:42.0
Script duration 601.0
Run total estimated duration= 602.000
loading script "felix_analysis400_120_CDD_center.py"
loading script "felix_pump_ms.py"
loading script "felix_air_x2.py"
loading script "felix_pump_extraction_line.py"
testing...
no interpolation path defined
executed snippet estimated_duration=559.2304, duration=0.000247955322266
script duration name:analysis400_120_CDD_center seconds:559.0
loading script "felix_analysis400_120_CDD_center.py"
loading script "felix_pump_ms.py"
loading script "felix_air_x2.py"
loading script "felix_pump_extraction_line.py"
testing...
no interpolation path defined
calculate duration
testing...
no interpolation path defined
executed snippet estimated_duration=0, duration=8.9168548584e-05
calculate duration
testing...
no interpolation path defined
executed snippet estimated_duration=0, duration=0.000208854675293
calculate duration
testing...
no interpolation path defined
executed snippet estimated_duration=32.0, duration=0.000163793563843
calculate duration
testing...
no interpolation path defined
executed snippet estimated_duration=34.0, duration=0.000165939331055
calculate duration
testing...
no interpolation path defined
executed snippet estimated_duration=2.0, duration=0.000103950500488
calculate duration
testing...
no interpolation path defined
executed snippet estimated_duration=34.0, duration=0.000121116638184
calculate duration
testing...
no interpolation path defined
executed snippet estimated_duration=34.0, duration=0.000171184539795
calculate duration
testing...
no interpolation path defined
executed snippet estimated_duration=34.0, duration=0.000151872634888
executed snippet estimated_duration=174.0, duration=0.0425720214844
script duration name:air_x2 seconds:174.0
Script duration 733.0
Run total estimated duration= 734.000
script duration name:analysis400_120_no_save_center seconds:559.0
script duration name:diode seconds:42.0
Script duration 601.0
Run total estimated duration= 602.000
script duration name:analysis400_120_no_save_center seconds:559.0
script duration name:diode seconds:42.0
Script duration 601.0
Run total estimated duration= 602.000
script duration name:analysis400_120_no_save_center seconds:559.0
script duration name:diode seconds:42.0
Script duration 601.0
Run total estimated duration= 602.000
script duration name:analysis400_120_no_save_center seconds:559.0
script duration name:diode seconds:42.0
Script duration 601.0
Run total estimated duration= 602.000
script duration name:analysis400_120_no_save_center seconds:559.0
script duration name:diode seconds:42.0
Script duration 601.0
Run total estimated duration= 602.000
script duration name:analysis400_120_no_save_center seconds:559.0
script duration name:diode seconds:42.0
Script duration 601.0
Run total estimated duration= 602.000
script duration name:analysis400_120_no_save_center seconds:559.0
script duration name:diode seconds:42.0
Script duration 601.0
Run total estimated duration= 602.000
analysis400_120_CDD_center in script context. using previous estimated duration
script duration name:analysis400_120_CDD_center seconds:559.0
air_x2 in script context. using previous estimated duration
script duration name:air_x2 seconds:174.0
Script duration 733.0
Run total estimated duration= 734.000
loading script "felix_analysis400_120 no center.py"
loading script "felix_pump_ms.py"
loading script "felix_cocktail_x3.py"
loading script "felix_pump_extraction_line.py"
testing...
no interpolation path defined
executed snippet estimated_duration=559.2304, duration=0.000211954116821
script duration name:analysis400_120 no center seconds:559.0
loading script "felix_analysis400_120 no center.py"
loading script "felix_pump_ms.py"
loading script "felix_cocktail_x3.py"
loading script "felix_pump_extraction_line.py"
testing...
no interpolation path defined
calculate duration
testing...
no interpolation path defined
executed snippet estimated_duration=0, duration=6.79492950439e-05
calculate duration
testing...
no interpolation path defined
executed snippet estimated_duration=0, duration=0.000169038772583
calculate duration
testing...
no interpolation path defined
executed snippet estimated_duration=32.0, duration=0.0001540184021
calculate duration
testing...
no interpolation path defined
executed snippet estimated_duration=34.0, duration=0.000205039978027
calculate duration
testing...
no interpolation path defined
executed snippet estimated_duration=2.0, duration=0.000104188919067
calculate duration
testing...
no interpolation path defined
executed snippet estimated_duration=34.0, duration=9.58442687988e-05
calculate duration
testing...
no interpolation path defined
executed snippet estimated_duration=34.0, duration=0.000160217285156
calculate duration
testing...
no interpolation path defined
executed snippet estimated_duration=34.0, duration=0.000113964080811
calculate duration
testing...
no interpolation path defined
executed snippet estimated_duration=34.0, duration=0.000141859054565
calculate duration
testing...
no interpolation path defined
executed snippet estimated_duration=34.0, duration=0.000116109848022
executed snippet estimated_duration=244.0, duration=0.0521910190582
script duration name:cocktail_x3 seconds:244.0
Script duration 803.0
Run total estimated duration= 804.000
script duration name:analysis400_120_no_save_center seconds:559.0
cocktail_x3 in script context. using previous estimated duration
script duration name:cocktail_x3 seconds:244.0
Script duration 803.0
Run total estimated duration= 804.000
script duration name:analysis400_120_no_save_center seconds:559.0
script duration name:diode seconds:42.0
Script duration 601.0
Run total estimated duration= 602.000
script duration name:analysis400_120_no_save_center seconds:559.0
script duration name:diode seconds:42.0
Script duration 601.0
Run total estimated duration= 602.000
script duration name:analysis400_120_no_save_center seconds:559.0
script duration name:diode seconds:42.0
Script duration 601.0
Run total estimated duration= 602.000
script duration name:analysis400_120_no_save_center seconds:559.0
script duration name:diode seconds:42.0
Script duration 601.0
Run total estimated duration= 602.000
script duration name:analysis400_120_no_save_center seconds:559.0
script duration name:diode seconds:42.0
Script duration 601.0
Run total estimated duration= 602.000
script duration name:analysis400_120_no_save_center seconds:559.0
script duration name:diode seconds:42.0
Script duration 601.0
Run total estimated duration= 602.000
script duration name:analysis400_120_CDD_center seconds:559.0
script duration name:air_x2 seconds:174.0
Script duration 733.0
Run total estimated duration= 734.000
script duration name:analysis400_120_no_save_center seconds:559.0
script duration name:diode seconds:42.0
Script duration 601.0
Run total estimated duration= 602.000
script duration name:analysis400_120_no_save_center seconds:559.0
script duration name:diode seconds:42.0
Script duration 601.0
Run total estimated duration= 602.000
script duration name:analysis400_120_no_save_center seconds:559.0
script duration name:diode seconds:42.0
Script duration 601.0
Run total estimated duration= 602.000
script duration name:analysis400_120_no_save_center seconds:559.0
script duration name:diode seconds:42.0
Script duration 601.0
Run total estimated duration= 602.000
script duration name:analysis400_120_no_save_center seconds:559.0
script duration name:diode seconds:42.0
Script duration 601.0
Run total estimated duration= 602.000
script duration name:analysis400_120_no_save_center seconds:559.0
script duration name:diode seconds:42.0
Script duration 601.0
Run total estimated duration= 602.000
analysis400_120 no center in script context. using previous estimated duration
script duration name:analysis400_120 no center seconds:559.0
script duration name:air_x2 seconds:174.0
Script duration 733.0
Run total estimated duration= 734.000
script duration name:analysis400_120_CDD_center seconds:559.0
script duration name:air_x2 seconds:174.0
Script duration 733.0
Run total estimated duration= 734.000
script duration name:analysis400_120 no center seconds:559.0
script duration name:cocktail_x3 seconds:244.0
Script duration 803.0
Run total estimated duration= 804.000
script duration name:analysis400_120_no_save_center seconds:559.0
script duration name:cocktail_x3 seconds:244.0
Script duration 803.0
Run total estimated duration= 804.000
analysis400_120 in script context. using previous estimated duration
script duration name:analysis400_120 seconds:559.0
script duration name:diode seconds:42.0
Script duration 601.0
Run total estimated duration= 602.000
script duration name:analysis400_120_no_save_center seconds:559.0
script duration name:diode seconds:42.0
Script duration 601.0
Run total estimated duration= 602.000
script duration name:analysis400_120_no_save_center seconds:559.0
script duration name:diode seconds:42.0
Script duration 601.0
Run total estimated duration= 602.000
script duration name:analysis400_120_no_save_center seconds:559.0
script duration name:diode seconds:42.0
Script duration 601.0
Run total estimated duration= 602.000
script duration name:analysis400_120_no_save_center seconds:559.0
script duration name:diode seconds:42.0
Script duration 601.0
Run total estimated duration= 602.000
script duration name:analysis400_120_no_save_center seconds:559.0
script duration name:diode seconds:42.0
Script duration 601.0
Run total estimated duration= 602.000
script duration name:analysis400_120_no_save_center seconds:559.0
script duration name:diode seconds:42.0
Script duration 601.0
Run total estimated duration= 602.000
script duration name:analysis400_120_CDD_center seconds:559.0
script duration name:air_x2 seconds:174.0
Script duration 733.0
Run total estimated duration= 734.000
script duration name:analysis400_120_no_save_center seconds:559.0
script duration name:diode seconds:42.0
Script duration 601.0
Run total estimated duration= 602.000
script duration name:analysis400_120_no_save_center seconds:559.0
script duration name:diode seconds:42.0
Script duration 601.0
Run total estimated duration= 602.000
script duration name:analysis400_120_no_save_center seconds:559.0
script duration name:diode seconds:42.0
Script duration 601.0
Run total estimated duration= 602.000
script duration name:analysis400_120_no_save_center seconds:559.0
script duration name:diode seconds:42.0
Script duration 601.0
Run total estimated duration= 602.000
script duration name:analysis400_120_no_save_center seconds:559.0
script duration name:diode seconds:42.0
Script duration 601.0
Run total estimated duration= 602.000
script duration name:analysis400_120_no_save_center seconds:559.0
script duration name:diode seconds:42.0
Script duration 601.0
Run total estimated duration= 602.000
script duration name:analysis400_120 no center seconds:559.0
script duration name:air_x2 seconds:174.0
Script duration 733.0
Run total estimated duration= 734.000
script duration name:analysis400_120_CDD_center seconds:559.0
script duration name:air_x2 seconds:174.0
Script duration 733.0
Run total estimated duration= 734.000
script duration name:analysis400_120 no center seconds:559.0
script duration name:cocktail_x3 seconds:244.0
Script duration 803.0
Run total estimated duration= 804.000
script duration name:analysis400_120_no_save_center seconds:559.0
script duration name:cocktail_x3 seconds:244.0
Script duration 803.0
Run total estimated duration= 804.000
script duration name:analysis400_120 seconds:559.0
script duration name:diode seconds:42.0
Script duration 601.0
Run total estimated duration= 602.000
script duration name:analysis400_120_no_save_center seconds:559.0
script duration name:diode seconds:42.0
Script duration 601.0
Run total estimated duration= 602.000
script duration name:analysis400_120_no_save_center seconds:559.0
script duration name:diode seconds:42.0
Script duration 601.0
Run total estimated duration= 602.000
script duration name:analysis400_120_no_save_center seconds:559.0
script duration name:diode seconds:42.0
Script duration 601.0
Run total estimated duration= 602.000
script duration name:analysis400_120_no_save_center seconds:559.0
script duration name:diode seconds:42.0
Script duration 601.0
Run total estimated duration= 602.000
script duration name:analysis400_120_CDD_center seconds:559.0
script duration name:air_x2 seconds:174.0
Script duration 733.0
Run total estimated duration= 734.000
script duration name:analysis400_120_no_save_center seconds:559.0
script duration name:diode seconds:42.0
Script duration 601.0
Run total estimated duration= 602.000
script duration name:analysis400_120_no_save_center seconds:559.0
script duration name:diode seconds:42.0
Script duration 601.0
Run total estimated duration= 602.000
script duration name:analysis400_120_no_save_center seconds:559.0
script duration name:diode seconds:42.0
Script duration 601.0
Run total estimated duration= 602.000
script duration name:analysis400_120_no_save_center seconds:559.0
script duration name:diode seconds:42.0
Script duration 601.0
Run total estimated duration= 602.000
script duration name:analysis400_120_no_save_center seconds:559.0
script duration name:diode seconds:42.0
Script duration 601.0
Run total estimated duration= 602.000
script duration name:analysis400_120_no_save_center seconds:559.0
script duration name:diode seconds:42.0
Script duration 601.0
Run total estimated duration= 602.000
script duration name:analysis400_120_no_save_center seconds:559.0
script duration name:diode seconds:42.0
Script duration 601.0
Run total estimated duration= 602.000
script duration name:analysis400_120 no center seconds:559.0
script duration name:air_x2 seconds:174.0
Script duration 733.0
Run total estimated duration= 734.000
script duration name:analysis400_120_CDD_center seconds:559.0
script duration name:air_x2 seconds:174.0
Script duration 733.0
Run total estimated duration= 734.000
script duration name:analysis400_120 no center seconds:559.0
script duration name:cocktail_x3 seconds:244.0
Script duration 803.0
Run total estimated duration= 804.000
script duration name:analysis400_120_no_save_center seconds:559.0
script duration name:cocktail_x3 seconds:244.0
Script duration 803.0
Run total estimated duration= 804.000
script duration name:analysis400_120_no_save_center seconds:559.0
script duration name:cocktail_x3 seconds:244.0
Script duration 803.0
Run total estimated duration= 804.000
nruns=71 before=5.0, run_dur=46012.0, btw=3650.0
write rem/ex queues
/Users/obama/PychronDev/experiments/rem/CurrentExperiment.rem.txt
/Users/obama/PychronDev/experiments/rem/CurrentExperiment.ex.txt
doing event level: 3
add run
